<?xml version="1.0" encoding="UTF-8"?>
<!-- Generated by org.testng.reporters.JUnitXMLReporter -->
<testsuite hostname="BLRUNNFWN24407" ignored="0" name="Test" tests="1" failures="1" timestamp="03 Jul 2019 12:52:11 GMT" time="42.198" errors="0">
  <testcase name="test1" time="0.019" classname="takeScreenshot.ScreenshotDemo">
    <failure type="java.lang.AssertionError" message="null">
      <![CDATA[java.lang.AssertionError: null
at takeScreenshot.ScreenshotDemo.test1(ScreenshotDemo.java:27)
... Removed 27 stack frames]]>
    </failure>
  </testcase> <!-- test1 -->
</testsuite> <!-- Test -->
