<?xml version="1.0" encoding="UTF-8"?>
<testng-results skipped="0" failed="0" ignored="0" total="1" passed="1">
  <reporter-output>
  </reporter-output>
  <suite name="Suite" duration-ms="14100" started-at="2019-07-09T06:28:00Z" finished-at="2019-07-09T06:28:14Z">
    <groups>
    </groups>
    <test name="Test_1" duration-ms="14100" started-at="2019-07-09T06:28:00Z" finished-at="2019-07-09T06:28:14Z">
      <class name="takeScreenshot.ScreenshotDemo">
        <test-method status="PASS" signature="beforeTest()[pri:0, instance:takeScreenshot.ScreenshotDemo@226642a5]" name="beforeTest" is-config="true" duration-ms="12424" started-at="2019-07-09T06:28:00Z" finished-at="2019-07-09T06:28:12Z">
          <reporter-output>
          </reporter-output>
        </test-method> <!-- beforeTest -->
        <test-method status="PASS" signature="test1()[pri:1, instance:takeScreenshot.ScreenshotDemo@226642a5]" name="test1" duration-ms="389" started-at="2019-07-09T06:28:12Z" description="Take screenshot" finished-at="2019-07-09T06:28:13Z">
          <reporter-output>
          </reporter-output>
        </test-method> <!-- test1 -->
        <test-method status="PASS" signature="afterTest()[pri:0, instance:takeScreenshot.ScreenshotDemo@226642a5]" name="afterTest" is-config="true" duration-ms="963" started-at="2019-07-09T06:28:13Z" finished-at="2019-07-09T06:28:14Z">
          <reporter-output>
          </reporter-output>
        </test-method> <!-- afterTest -->
      </class> <!-- takeScreenshot.ScreenshotDemo -->
    </test> <!-- Test_1 -->
  </suite> <!-- Suite -->
</testng-results>
